<?xml version="1.0" encoding="UTF-8"?>
<!-- Generated by org.testng.reporters.JUnitReportReporter -->
<testsuite hostname="DESKTOP-IJAT444" failures="0" tests="1" name="com.OrangeHRM.RunnerScript.FNGenerator" time="0.910" errors="0" timestamp="2024-11-29T23:39:28 IST" skipped="0">
  <testcase classname="com.OrangeHRM.RunnerScript.FNGenerator" name="Excel" time="0.910"/>
</testsuite> <!-- com.OrangeHRM.RunnerScript.FNGenerator -->
