<?xml version="1.0" encoding="UTF-8"?>
<!-- Generated by org.testng.reporters.JUnitReportReporter -->
<testsuite hostname="DESKTOP-IJAT444" failures="0" tests="1" name="com.OrangeHRM.RunnerScript.Admin.AdminSmokeTest" time="16.077" errors="0" timestamp="2024-12-09T07:19:00 IST" skipped="0">
  <testcase classname="com.OrangeHRM.RunnerScript.Admin.AdminSmokeTest" name="Enteradmn" time="16.077"/>
</testsuite> <!-- com.OrangeHRM.RunnerScript.Admin.AdminSmokeTest -->
