<?xml version="1.0" encoding="UTF-8"?>
<!-- Generated by org.testng.reporters.JUnitReportReporter -->
<testsuite hostname="DESKTOP-IJAT444" failures="0" tests="1" name="com.Shopperstack.GenericSCripts.BasePage" time="3.441" errors="0" timestamp="2024-11-19T23:50:13 IST" skipped="0">
  <testcase classname="com.Shopperstack.GenericSCripts.BasePage" name="test" time="3.441"/>
</testsuite> <!-- com.Shopperstack.GenericSCripts.BasePage -->
