<?xml version="1.0" encoding="UTF-8"?>
<!-- Generated by org.testng.reporters.JUnitReportReporter -->
<testsuite hostname="DESKTOP-IJAT444" failures="0" tests="1" name="com.OrangeHRM.GenericSCripts.ListnerClass" time="0.041" errors="0" timestamp="2024-11-26T06:54:48 IST" skipped="0">
  <testcase classname="com.OrangeHRM.GenericSCripts.ListnerClass" name="test" time="0.041"/>
</testsuite> <!-- com.OrangeHRM.GenericSCripts.ListnerClass -->
